{"D:\\project\\New folder\\API-BASED-APP-\\src\\modules\\calmeals.js": {"path":"D:\\project\\New folder\\API-BASED-APP-\\src\\modules\\calmeals.js","statementMap":{"0":{"start":{"line":1,"column":17},"end":{"line":1,"column":73}},"1":{"start":{"line":1,"column":23},"end":{"line":1,"column":73}}},"fnMap":{"0":{"name":"(anonymous_0)","decl":{"start":{"line":1,"column":17},"end":{"line":1,"column":18}},"loc":{"start":{"line":1,"column":23},"end":{"line":1,"column":73}},"line":1}},"branchMap":{},"s":{"0":1,"1":4},"f":{"0":4},"b":{},"_coverageSchema":"1a1c01bbd47fc00a2c39e90264f33305004495a9","hash":"b055900bf7af422f3a4d64c0132c66b4bc0194c7"}
}
